<?xml version="1.0" encoding="UTF-8"?>
<!-- Generated by org.testng.reporters.JUnitXMLReporter -->
<testsuite hostname="DESKTOP-O2O867P" ignored="0" name="Test" tests="12" failures="0" timestamp="2020-10-18T19:10:11 IST" time="26.474" errors="0">
  <testcase name="openURL" time="11.754" classname="testNG.TestNGAnnotations2"/>
  <testcase name="searchProduct" time="0.004" classname="testNG.TestNGAnnotations2"/>
  <testcase name="plp" time="0.006" classname="testNG.TestNGAnnotations2"/>
  <testcase name="pdp" time="0.001" classname="testNG.TestNGAnnotations2"/>
  <testcase name="openURL" time="12.748" classname="testNG.TestNGAnnotations"/>
  <testcase name="login" time="0.003" classname="testNG.TestNGAnnotations"/>
  <testcase name="searchProduct" time="0.003" classname="testNG.TestNGAnnotations"/>
  <testcase name="plp" time="0.006" classname="testNG.TestNGAnnotations"/>
  <testcase name="pdp" time="0.006" classname="testNG.TestNGAnnotations"/>
  <testcase name="addToCart" time="0.004" classname="testNG.TestNGAnnotations"/>
  <testcase name="addAddress" time="0.002" classname="testNG.TestNGAnnotations"/>
  <testcase name="paymentGateway" time="0.002" classname="testNG.TestNGAnnotations"/>
</testsuite> <!-- Test -->
